<?xml version="1.0" encoding="UTF-8"?>
<!-- Generated by org.testng.reporters.JUnitReportReporter -->
<testsuite hostname="LAPTOP-B1Q0SRRI" failures="0" tests="1" name="PlaceValidations.PlaceValidationsTest" time="6.018" errors="0" timestamp="12 Jul 2020 13:26:40 GMT" skipped="0">
  <testcase classname="PlaceValidations.PlaceValidationsTest" name="runScenario" time="6.018"/>
</testsuite> <!-- PlaceValidations.PlaceValidationsTest -->
